The system is: Windows - 10.0.19045 - AMD64
Compiling the C compiler identification source file "CMakeCCompilerId.c" succeeded.
Compiler: D:/Visual Studio Community 2022/Program/VC/Tools/MSVC/14.34.31933/bin/Hostx64/x64/cl.exe 
Build flags: 
Id flags:  

The output was:
0
Microsoft (R) C/C++ Optimizing Compiler Version 19.34.31937 for x64
Copyright (C) Microsoft Corporation.  All rights reserved.

CMakeCCompilerId.c
Microsoft (R) Incremental Linker Version 14.34.31937.0
Copyright (C) Microsoft Corporation.  All rights reserved.

/out:CMakeCCompilerId.exe 
CMakeCCompilerId.obj 


Compilation of the C compiler identification source "CMakeCCompilerId.c" produced "CMakeCCompilerId.exe"

Compilation of the C compiler identification source "CMakeCCompilerId.c" produced "CMakeCCompilerId.obj"

The C compiler identification is MSVC, found in "D:/cs184/p3-1-pathtracer-sp23-184dw3/out/build/x64-Release/CMakeFiles/3.24.202208181-MSVC_2/CompilerIdC/CMakeCCompilerId.exe"

Compiling the CXX compiler identification source file "CMakeCXXCompilerId.cpp" succeeded.
Compiler: D:/Visual Studio Community 2022/Program/VC/Tools/MSVC/14.34.31933/bin/Hostx64/x64/cl.exe 
Build flags: 
Id flags:  

The output was:
0
Microsoft (R) C/C++ Optimizing Compiler Version 19.34.31937 for x64
Copyright (C) Microsoft Corporation.  All rights reserved.

CMakeCXXCompilerId.cpp
Microsoft (R) Incremental Linker Version 14.34.31937.0
Copyright (C) Microsoft Corporation.  All rights reserved.

/out:CMakeCXXCompilerId.exe 
CMakeCXXCompilerId.obj 


Compilation of the CXX compiler identification source "CMakeCXXCompilerId.cpp" produced "CMakeCXXCompilerId.exe"

Compilation of the CXX compiler identification source "CMakeCXXCompilerId.cpp" produced "CMakeCXXCompilerId.obj"

The CXX compiler identification is MSVC, found in "D:/cs184/p3-1-pathtracer-sp23-184dw3/out/build/x64-Release/CMakeFiles/3.24.202208181-MSVC_2/CompilerIdCXX/CMakeCXXCompilerId.exe"

Detecting C compiler ABI info compiled with the following output:
Change Dir: D:/cs184/p3-1-pathtracer-sp23-184dw3/out/build/x64-Release/CMakeFiles/CMakeTmp

Run Build Command(s):D:/Visual Studio Community 2022/Program/Common7/IDE/CommonExtensions/Microsoft/CMake/Ninja/ninja.exe cmTC_223b4 && [1/2] Building C object CMakeFiles\cmTC_223b4.dir\CMakeCCompilerABI.c.obj
[2/2] Linking C executable cmTC_223b4.exe



Detecting CXX compiler ABI info compiled with the following output:
Change Dir: D:/cs184/p3-1-pathtracer-sp23-184dw3/out/build/x64-Release/CMakeFiles/CMakeTmp

Run Build Command(s):D:/Visual Studio Community 2022/Program/Common7/IDE/CommonExtensions/Microsoft/CMake/Ninja/ninja.exe cmTC_f7649 && [1/2] Building CXX object CMakeFiles\cmTC_f7649.dir\CMakeCXXCompilerABI.cpp.obj
[2/2] Linking CXX executable cmTC_f7649.exe



Performing C++ SOURCE FILE Test HAVE_AVX_EXTENSIONS succeeded with the following compile output:
Change Dir: D:/cs184/p3-1-pathtracer-sp23-184dw3/out/build/x64-Release/CMakeFiles/CMakeTmp

Run Build Command(s):D:/Visual Studio Community 2022/Program/Common7/IDE/CommonExtensions/Microsoft/CMake/Ninja/ninja.exe cmTC_9e992 && [1/2] Building CXX object CMakeFiles\cmTC_9e992.dir\src.cxx.obj
[2/2] Linking CXX executable cmTC_9e992.exe


...and run output:

Return value: 1
Source file was:

        #include <immintrin.h>
        int main()
        {
          __m256 a, b, c;
          const float src[8] = { 1.0f, 2.0f, 3.0f, 4.0f, 5.0f, 6.0f, 7.0f, 8.0f };
          float dst[8];
          a = _mm256_loadu_ps( src );
          b = _mm256_loadu_ps( src );
          c = _mm256_add_ps( a, b );
          _mm256_storeu_ps( dst, c );

          for( int i = 0; i < 8; i++ ){
            if( ( src[i] + src[i] ) != dst[i] ){
              return -1;
            }
          }

          return 0;
        }
Performing C++ SOURCE FILE Test HAVE_AVX2_EXTENSIONS succeeded with the following compile output:
Change Dir: D:/cs184/p3-1-pathtracer-sp23-184dw3/out/build/x64-Release/CMakeFiles/CMakeTmp

Run Build Command(s):D:/Visual Studio Community 2022/Program/Common7/IDE/CommonExtensions/Microsoft/CMake/Ninja/ninja.exe cmTC_84aab && [1/2] Building CXX object CMakeFiles\cmTC_84aab.dir\src.cxx.obj
[2/2] Linking CXX executable cmTC_84aab.exe


...and run output:

Return value: 1
Source file was:

        #include <immintrin.h>
        int main()
        {
          __m256i a, b, c;
          const int src[8] = { 1, 2, 3, 4, 5, 6, 7, 8 };
          int dst[8];
          a =  _mm256_loadu_si256( (__m256i*)src );
          b =  _mm256_loadu_si256( (__m256i*)src );
          c = _mm256_add_epi32( a, b );
          _mm256_storeu_si256( (__m256i*)dst, c );

          for( int i = 0; i < 8; i++ ){
            if( ( src[i] + src[i] ) != dst[i] ){
              return -1;
            }
          }

          return 0;
        }
