Performing C SOURCE FILE Test CMAKE_HAVE_LIBC_PTHREAD failed with the following output:
Change Dir: D:/cs184/p3-1-pathtracer-sp23-184dw3/out/build/x64-Debug/CMakeFiles/CMakeTmp

Run Build Command(s):D:/Visual Studio Community 2022/Program/Common7/IDE/CommonExtensions/Microsoft/CMake/Ninja/ninja.exe cmTC_76564 && [1/2] Building C object CMakeFiles\cmTC_76564.dir\src.c.obj
FAILED: CMakeFiles/cmTC_76564.dir/src.c.obj 
"D:\Visual Studio Community 2022\Program\VC\Tools\MSVC\14.34.31933\bin\Hostx64\x64\cl.exe"  /nologo -DCMAKE_HAVE_LIBC_PTHREAD  /DWIN32 /D_WINDOWS /W3 /arch:AVX2 /MDd /Zi /Ob0 /Od /RTC1 /showIncludes /FoCMakeFiles\cmTC_76564.dir\src.c.obj /FdCMakeFiles\cmTC_76564.dir\ /FS -c D:\cs184\p3-1-pathtracer-sp23-184dw3\out\build\x64-Debug\CMakeFiles\CMakeTmp\src.c
D:\cs184\p3-1-pathtracer-sp23-184dw3\out\build\x64-Debug\CMakeFiles\CMakeTmp\src.c(1): fatal error C1083: Cannot open include file: 'pthread.h': No such file or directory
ninja: build stopped: subcommand failed.


Source file was:
#include <pthread.h>

static void* test_func(void* data)
{
  return data;
}

int main(void)
{
  pthread_t thread;
  pthread_create(&thread, NULL, test_func, NULL);
  pthread_detach(thread);
  pthread_cancel(thread);
  pthread_join(thread, NULL);
  pthread_atfork(NULL, NULL, NULL);
  pthread_exit(NULL);

  return 0;
}

Determining if the function pthread_create exists in the pthreads failed with the following output:
Change Dir: D:/cs184/p3-1-pathtracer-sp23-184dw3/out/build/x64-Debug/CMakeFiles/CMakeTmp

Run Build Command(s):D:/Visual Studio Community 2022/Program/Common7/IDE/CommonExtensions/Microsoft/CMake/Ninja/ninja.exe cmTC_2c34e && [1/2] Building C object CMakeFiles\cmTC_2c34e.dir\CheckFunctionExists.c.obj
[2/2] Linking C executable cmTC_2c34e.exe
FAILED: cmTC_2c34e.exe 
cmd.exe /C "cd . && "D:\Visual Studio Community 2022\Program\Common7\IDE\CommonExtensions\Microsoft\CMake\CMake\bin\cmake.exe" -E vs_link_exe --intdir=CMakeFiles\cmTC_2c34e.dir --rc=C:\PROGRA~2\WI3CF2~1\10\bin\100220~1.0\x64\rc.exe --mt=C:\PROGRA~2\WI3CF2~1\10\bin\100220~1.0\x64\mt.exe --manifests  -- "D:\Visual Studio Community 2022\Program\VC\Tools\MSVC\14.34.31933\bin\Hostx64\x64\link.exe" /nologo CMakeFiles\cmTC_2c34e.dir\CheckFunctionExists.c.obj  /out:cmTC_2c34e.exe /implib:cmTC_2c34e.lib /pdb:cmTC_2c34e.pdb /version:0.0 /machine:x64  /debug /INCREMENTAL /subsystem:console  pthreads.lib  kernel32.lib user32.lib gdi32.lib winspool.lib shell32.lib ole32.lib oleaut32.lib uuid.lib comdlg32.lib advapi32.lib && cmd.exe /C "cd /D D:\cs184\p3-1-pathtracer-sp23-184dw3\out\build\x64-Debug\CMakeFiles\CMakeTmp && C:\Windows\System32\WindowsPowerShell\v1.0\powershell.exe -noprofile -executionpolicy Bypass -file C:/vcpkg/scripts/buildsystems/msbuild/applocal.ps1 -targetBinary D:/cs184/p3-1-pathtracer-sp23-184dw3/out/build/x64-Debug/CMakeFiles/CMakeTmp/cmTC_2c34e.exe -installedDir C:/vcpkg/installed/x64-windows/debug/bin -OutVariable out""
LINK Pass 1: command "D:\Visual Studio Community 2022\Program\VC\Tools\MSVC\14.34.31933\bin\Hostx64\x64\link.exe /nologo CMakeFiles\cmTC_2c34e.dir\CheckFunctionExists.c.obj /out:cmTC_2c34e.exe /implib:cmTC_2c34e.lib /pdb:cmTC_2c34e.pdb /version:0.0 /machine:x64 /debug /INCREMENTAL /subsystem:console pthreads.lib kernel32.lib user32.lib gdi32.lib winspool.lib shell32.lib ole32.lib oleaut32.lib uuid.lib comdlg32.lib advapi32.lib /MANIFEST /MANIFESTFILE:CMakeFiles\cmTC_2c34e.dir/intermediate.manifest CMakeFiles\cmTC_2c34e.dir/manifest.res" failed (exit code 1104) with the following output:
LINK : fatal error LNK1104: cannot open file 'pthreads.lib'
ninja: build stopped: subcommand failed.



Determining if the function pthread_create exists in the pthread failed with the following output:
Change Dir: D:/cs184/p3-1-pathtracer-sp23-184dw3/out/build/x64-Debug/CMakeFiles/CMakeTmp

Run Build Command(s):D:/Visual Studio Community 2022/Program/Common7/IDE/CommonExtensions/Microsoft/CMake/Ninja/ninja.exe cmTC_55e3f && [1/2] Building C object CMakeFiles\cmTC_55e3f.dir\CheckFunctionExists.c.obj
[2/2] Linking C executable cmTC_55e3f.exe
FAILED: cmTC_55e3f.exe 
cmd.exe /C "cd . && "D:\Visual Studio Community 2022\Program\Common7\IDE\CommonExtensions\Microsoft\CMake\CMake\bin\cmake.exe" -E vs_link_exe --intdir=CMakeFiles\cmTC_55e3f.dir --rc=C:\PROGRA~2\WI3CF2~1\10\bin\100220~1.0\x64\rc.exe --mt=C:\PROGRA~2\WI3CF2~1\10\bin\100220~1.0\x64\mt.exe --manifests  -- "D:\Visual Studio Community 2022\Program\VC\Tools\MSVC\14.34.31933\bin\Hostx64\x64\link.exe" /nologo CMakeFiles\cmTC_55e3f.dir\CheckFunctionExists.c.obj  /out:cmTC_55e3f.exe /implib:cmTC_55e3f.lib /pdb:cmTC_55e3f.pdb /version:0.0 /machine:x64  /debug /INCREMENTAL /subsystem:console  pthread.lib  kernel32.lib user32.lib gdi32.lib winspool.lib shell32.lib ole32.lib oleaut32.lib uuid.lib comdlg32.lib advapi32.lib && cmd.exe /C "cd /D D:\cs184\p3-1-pathtracer-sp23-184dw3\out\build\x64-Debug\CMakeFiles\CMakeTmp && C:\Windows\System32\WindowsPowerShell\v1.0\powershell.exe -noprofile -executionpolicy Bypass -file C:/vcpkg/scripts/buildsystems/msbuild/applocal.ps1 -targetBinary D:/cs184/p3-1-pathtracer-sp23-184dw3/out/build/x64-Debug/CMakeFiles/CMakeTmp/cmTC_55e3f.exe -installedDir C:/vcpkg/installed/x64-windows/debug/bin -OutVariable out""
LINK Pass 1: command "D:\Visual Studio Community 2022\Program\VC\Tools\MSVC\14.34.31933\bin\Hostx64\x64\link.exe /nologo CMakeFiles\cmTC_55e3f.dir\CheckFunctionExists.c.obj /out:cmTC_55e3f.exe /implib:cmTC_55e3f.lib /pdb:cmTC_55e3f.pdb /version:0.0 /machine:x64 /debug /INCREMENTAL /subsystem:console pthread.lib kernel32.lib user32.lib gdi32.lib winspool.lib shell32.lib ole32.lib oleaut32.lib uuid.lib comdlg32.lib advapi32.lib /MANIFEST /MANIFESTFILE:CMakeFiles\cmTC_55e3f.dir/intermediate.manifest CMakeFiles\cmTC_55e3f.dir/manifest.res" failed (exit code 1104) with the following output:
LINK : fatal error LNK1104: cannot open file 'pthread.lib'
ninja: build stopped: subcommand failed.



